Determining if the pthread_create exist failed with the following output:
Change Dir: /home/action/catkin_ws/build/CMakeFiles/CMakeTmp

Run Build Command:/usr/bin/make "cmTryCompileExec1754489971/fast"
/usr/bin/make -f CMakeFiles/cmTryCompileExec1754489971.dir/build.make CMakeFiles/cmTryCompileExec1754489971.dir/build
make[1]: 正在进入目录 `/home/action/catkin_ws/build/CMakeFiles/CMakeTmp'
/usr/bin/cmake -E cmake_progress_report /home/action/catkin_ws/build/CMakeFiles/CMakeTmp/CMakeFiles 1
Building C object CMakeFiles/cmTryCompileExec1754489971.dir/CheckSymbolExists.c.o
/usr/bin/cc    -o CMakeFiles/cmTryCompileExec1754489971.dir/CheckSymbolExists.c.o   -c /home/action/catkin_ws/build/CMakeFiles/CMakeTmp/CheckSymbolExists.c
Linking C executable cmTryCompileExec1754489971
/usr/bin/cmake -E cmake_link_script CMakeFiles/cmTryCompileExec1754489971.dir/link.txt --verbose=1
/usr/bin/cc       CMakeFiles/cmTryCompileExec1754489971.dir/CheckSymbolExists.c.o  -o cmTryCompileExec1754489971 -rdynamic 
CMakeFiles/cmTryCompileExec1754489971.dir/CheckSymbolExists.c.o：在函数‘main’中：
CheckSymbolExists.c:(.text+0x16)：对‘pthread_create’未定义的引用
collect2: error: ld returned 1 exit status
make[1]: *** [cmTryCompileExec1754489971] 错误 1
make[1]:正在离开目录 `/home/action/catkin_ws/build/CMakeFiles/CMakeTmp'
make: *** [cmTryCompileExec1754489971/fast] 错误 2

File /home/action/catkin_ws/build/CMakeFiles/CMakeTmp/CheckSymbolExists.c:
/* */
#include <pthread.h>

int main(int argc, char** argv)
{
  (void)argv;
#ifndef pthread_create
  return ((int*)(&pthread_create))[argc];
#else
  (void)argc;
  return 0;
#endif
}

Determining if the function pthread_create exists in the pthreads failed with the following output:
Change Dir: /home/action/catkin_ws/build/CMakeFiles/CMakeTmp

Run Build Command:/usr/bin/make "cmTryCompileExec3564221949/fast"
/usr/bin/make -f CMakeFiles/cmTryCompileExec3564221949.dir/build.make CMakeFiles/cmTryCompileExec3564221949.dir/build
make[1]: 正在进入目录 `/home/action/catkin_ws/build/CMakeFiles/CMakeTmp'
/usr/bin/cmake -E cmake_progress_report /home/action/catkin_ws/build/CMakeFiles/CMakeTmp/CMakeFiles 1
Building C object CMakeFiles/cmTryCompileExec3564221949.dir/CheckFunctionExists.c.o
/usr/bin/cc   -DCHECK_FUNCTION_EXISTS=pthread_create   -o CMakeFiles/cmTryCompileExec3564221949.dir/CheckFunctionExists.c.o   -c /usr/share/cmake-2.8/Modules/CheckFunctionExists.c
Linking C executable cmTryCompileExec3564221949
/usr/bin/cmake -E cmake_link_script CMakeFiles/cmTryCompileExec3564221949.dir/link.txt --verbose=1
/usr/bin/cc   -DCHECK_FUNCTION_EXISTS=pthread_create    CMakeFiles/cmTryCompileExec3564221949.dir/CheckFunctionExists.c.o  -o cmTryCompileExec3564221949 -rdynamic -lpthreads 
/usr/bin/ld: cannot find -lpthreads
collect2: error: ld returned 1 exit status
make[1]: *** [cmTryCompileExec3564221949] 错误 1
make[1]:正在离开目录 `/home/action/catkin_ws/build/CMakeFiles/CMakeTmp'
make: *** [cmTryCompileExec3564221949/fast] 错误 2


